2017-03-27  13:32:02.572,  Generating log file
2017-03-27  13:32:02.586,  loading data from: Star-Wars-Yoda.csv
2017-03-27  13:32:02.714,  Connected to Arduino on /dev/ttyACM1
2017-03-27  13:32:04.752,  2 / 218,   14.0 12.0
2017-03-27  13:32:20.457,  Generating log file
2017-03-27  13:32:20.469,  loading data from: Star-Wars-Yoda.csv
2017-03-27  13:32:20.596,  Connected to Arduino on /dev/ttyACM1
2017-03-27  13:32:22.617,  2 / 218,   14.0 12.0
2017-03-27  13:32:22.684,  3 / 218,   13.0 9.0
2017-03-27  13:32:23.371,  4 / 218,   6.0 4.0
2017-03-27  13:32:24.131,  5 / 218,   6.0 7.0
2017-03-27  13:32:24.877,  6 / 218,   22.0 22.0
2017-03-27  13:32:25.622,  7 / 218,   20.0 19.0
2017-03-27  13:32:26.370,  8 / 218,   16.0 12.0
2017-03-27  13:32:27.116,  9 / 218,   7.0 4.0
2017-03-27  13:32:27.861,  10 / 218,   7.0 1.0
2017-03-27  13:32:28.634,  11 / 218,   7.0 -1.0
2017-03-27  13:32:29.307,  12 / 218,   4.0 -6.0
2017-03-27  13:32:30.053,  13 / 218,   14.0 -14.0
2017-03-27  13:32:30.802,  14 / 218,   19.0 -7.0
2017-03-27  13:32:31.548,  15 / 218,   27.0 -2.0
2017-03-27  13:32:32.298,  16 / 218,   41.0 3.0
2017-03-27  13:32:33.051,  17 / 218,   39.0 5.0
2017-03-27  13:32:33.829,  18 / 218,   8.0 2.0
2017-03-27  13:32:34.582,  19 / 218,   2.0 2.0
2017-03-27  13:32:35.332,  20 / 218,   -13.0 11.0
2017-03-27  13:32:56.685,  Generating log file
2017-03-27  13:32:56.697,  loading data from: Star-Wars-Yoda.csv
2017-03-27  13:32:56.824,  Connected to Arduino on /dev/ttyACM1
2017-03-27  13:32:58.858,  2 / 218,   14.0 12.0
2017-03-27  13:32:58.932,  3 / 218,   13.0 9.0
2017-03-27  13:32:59.580,  4 / 218,   6.0 4.0
2017-03-27  13:33:00.225,  5 / 218,   6.0 7.0
2017-03-27  13:33:00.669,  6 / 218,   22.0 22.0
2017-03-27  13:33:01.038,  7 / 218,   20.0 19.0
2017-03-27  13:33:01.987,  8 / 218,   16.0 12.0
2017-03-27  13:33:02.933,  9 / 218,   7.0 4.0
2017-03-27  13:33:03.750,  10 / 218,   7.0 1.0
2017-03-27  13:33:04.142,  11 / 218,   7.0 -1.0
2017-03-27  13:33:04.551,  12 / 218,   4.0 -6.0
2017-03-27  13:33:04.937,  13 / 218,   14.0 -14.0
2017-03-27  13:33:05.210,  14 / 218,   19.0 -7.0
2017-03-27  13:33:05.793,  15 / 218,   27.0 -2.0
2017-03-27  13:33:06.559,  16 / 218,   41.0 3.0
2017-03-27  13:33:07.605,  17 / 218,   39.0 5.0
2017-03-27  13:33:08.987,  18 / 218,   8.0 2.0
2017-03-27  13:33:10.291,  19 / 218,   2.0 2.0
2017-03-27  13:33:10.769,  20 / 218,   -13.0 11.0
