2017-03-27  08:20:20.672,  Generating log file
2017-03-27  08:20:20.684,  loading data from: Star-Wars-Yoda.csv
2017-03-27  08:20:20.802,  2 / 218,   14.0 12.0
2017-03-27  08:20:20.815,  3 / 218,   13.0 9.0
2017-03-27  08:20:20.827,  4 / 218,   6.0 4.0
2017-03-27  08:20:20.841,  5 / 218,   6.0 7.0
2017-03-27  08:20:20.854,  6 / 218,   22.0 22.0
2017-03-27  08:20:20.869,  7 / 218,   20.0 19.0
2017-03-27  08:20:20.882,  8 / 218,   16.0 12.0
2017-03-27  08:20:20.895,  9 / 218,   7.0 4.0
2017-03-27  08:20:20.907,  10 / 218,   7.0 1.0
2017-03-27  08:20:20.921,  11 / 218,   7.0 -1.0
2017-03-27  08:20:20.934,  12 / 218,   4.0 -6.0
2017-03-27  08:20:20.947,  13 / 218,   14.0 -14.0
2017-03-27  08:20:20.964,  14 / 218,   19.0 -7.0
2017-03-27  08:20:20.977,  15 / 218,   27.0 -2.0
2017-03-27  08:20:20.991,  16 / 218,   41.0 3.0
2017-03-27  08:20:21.003,  17 / 218,   39.0 5.0
2017-03-27  08:20:21.015,  18 / 218,   8.0 2.0
2017-03-27  08:20:21.027,  19 / 218,   2.0 2.0
2017-03-27  08:20:21.046,  20 / 218,   -13.0 11.0
2017-03-27  08:20:21.060,  21 / 218,   -13.0 13.0
2017-03-27  08:20:21.073,  22 / 218,   -7.0 12.0
2017-03-27  08:20:21.085,  23 / 218,   -2.0 11.0
2017-03-27  08:20:21.099,  24 / 218,   3.0 10.0
2017-03-27  08:20:21.112,  25 / 218,   7.0 11.0
2017-03-27  08:20:21.124,  26 / 218,   10.0 9.0
2017-03-27  08:20:21.138,  27 / 218,   15.0 9.0
2017-03-27  08:20:21.153,  28 / 218,   17.0 6.0
2017-03-27  08:20:21.168,  29 / 218,   58.0 6.0
2017-03-27  08:20:21.180,  30 / 218,   90.0 9.0
2017-03-27  08:20:21.192,  31 / 218,   22.0 1.0
2017-03-27  08:20:21.204,  32 / 218,   16.0 -2.0
2017-03-27  08:20:21.219,  33 / 218,   14.0 -7.0
2017-03-27  08:20:21.233,  34 / 218,   16.0 -13.0
2017-03-27  08:20:21.247,  35 / 218,   11.0 -12.0
2017-03-27  08:20:21.259,  36 / 218,   5.0 -12.0
2017-03-27  08:20:21.271,  37 / 218,   0.0 -10.0
2017-03-27  08:20:21.286,  38 / 218,   -2.0 -13.0
2017-03-27  08:20:21.300,  39 / 218,   -3.0 -12.0
2017-03-27  08:20:21.312,  40 / 218,   -4.0 -7.0
2017-03-27  08:20:21.324,  41 / 218,   -118.0 -113.0
2017-03-27  08:20:21.336,  42 / 218,   -6.0 -9.0
2017-03-27  08:20:21.353,  43 / 218,   15.0 -12.0
2017-03-27  08:20:21.365,  44 / 218,   41.0 -23.0
2017-03-27  08:20:21.378,  45 / 218,   41.0 -16.0
2017-03-27  08:20:21.392,  46 / 218,   25.0 -10.0
2017-03-27  08:20:21.407,  47 / 218,   20.0 -14.0
2017-03-27  08:20:21.421,  48 / 218,   6.0 -7.0
2017-03-27  08:20:21.433,  49 / 218,   4.0 -10.0
2017-03-27  08:20:21.447,  50 / 218,   4.0 -18.0
2017-03-27  08:20:21.463,  51 / 218,   -2.0 -16.0
2017-03-27  08:20:21.475,  52 / 218,   -8.0 -14.0
2017-03-27  08:20:21.487,  53 / 218,   -14.0 -11.0
2017-03-27  08:20:21.502,  54 / 218,   -32.0 -14.0
2017-03-27  08:20:21.518,  55 / 218,   -70.0 -21.0
2017-03-27  08:20:21.530,  56 / 218,   -43.0 -9.0
2017-03-27  08:20:21.544,  57 / 218,   -34.0 -2.0
2017-03-27  08:20:21.557,  58 / 218,   -14.0 1.0
2017-03-27  08:20:21.569,  59 / 218,   -12.0 3.0
2017-03-27  08:20:21.582,  60 / 218,   -11.0 4.0
2017-03-27  08:20:21.594,  61 / 218,   -10.0 5.0
2017-03-27  08:20:21.609,  62 / 218,   -7.0 5.0
2017-03-27  08:20:21.622,  63 / 218,   -10.0 13.0
2017-03-27  08:20:21.634,  64 / 218,   -9.0 13.0
2017-03-27  08:20:21.647,  65 / 218,   -3.0 8.0
2017-03-27  08:20:21.662,  66 / 218,   0.0 10.0
2017-03-27  08:20:21.674,  67 / 218,   5.0 9.0
2017-03-27  08:20:21.688,  68 / 218,   3.0 3.0
2017-03-27  08:20:21.704,  69 / 218,   -6.0 -2.0
2017-03-27  08:20:21.729,  70 / 218,   -14.0 -5.0
2017-03-27  08:20:21.748,  71 / 218,   -14.0 -6.0
2017-03-27  08:20:21.768,  72 / 218,   -9.0 -4.0
2017-03-27  08:20:21.783,  73 / 218,   -10.0 -6.0
2017-03-27  08:20:21.796,  74 / 218,   -7.0 -7.0
2017-03-27  08:20:21.809,  75 / 218,   -2.0 -8.0
2017-03-27  08:20:21.822,  76 / 218,   -1.0 -4.0
2017-03-27  08:20:21.836,  77 / 218,   6.0 -18.0
2017-03-27  08:20:21.848,  78 / 218,   3.0 -7.0
2017-03-27  08:20:21.864,  79 / 218,   -2.0 -1.0
2017-03-27  08:20:21.878,  80 / 218,   -7.0 5.0
2017-03-27  08:20:21.892,  81 / 218,   -11.0 10.0
2017-03-27  08:20:21.904,  82 / 218,   -9.0 9.0
2017-03-27  08:20:21.916,  83 / 218,   -10.0 10.0
2017-03-27  08:20:21.928,  84 / 218,   -10.0 10.0
2017-03-27  08:20:21.944,  85 / 218,   -10.0 11.0
2017-03-27  08:20:21.959,  86 / 218,   -7.0 8.0
2017-03-27  08:20:21.971,  87 / 218,   -3.0 3.0
2017-03-27  08:20:21.984,  88 / 218,   -5.0 4.0
2017-03-27  08:20:21.996,  89 / 218,   -6.0 5.0
2017-03-27  08:20:22.009,  90 / 218,   -6.0 6.0
2017-03-27  08:20:22.023,  91 / 218,   -7.0 7.0
2017-03-27  08:20:22.035,  92 / 218,   -8.0 8.0
2017-03-27  08:20:22.047,  93 / 218,   -16.0 16.0
2017-03-27  08:20:22.061,  94 / 218,   -15.0 15.0
2017-03-27  08:20:22.075,  95 / 218,   -10.0 11.0
2017-03-27  08:20:22.089,  96 / 218,   -5.0 9.0
2017-03-27  08:20:22.104,  97 / 218,   -2.0 4.0
2017-03-27  08:20:22.116,  98 / 218,   -8.0 8.0
2017-03-27  08:20:22.128,  99 / 218,   -11.0 11.0
2017-03-27  08:20:22.140,  100 / 218,   -6.0 6.0
2017-03-27  08:20:22.157,  101 / 218,   -6.0 3.0
2017-03-27  08:20:22.170,  102 / 218,   -6.0 4.0
2017-03-27  08:20:22.184,  103 / 218,   -6.0 5.0
2017-03-27  08:20:22.198,  104 / 218,   -7.0 6.0
2017-03-27  08:20:22.210,  105 / 218,   -8.0 7.0
2017-03-27  08:20:22.222,  106 / 218,   -10.0 10.0
2017-03-27  08:20:22.234,  107 / 218,   -8.0 8.0
2017-03-27  08:20:22.250,  108 / 218,   0.0 0.0
2017-03-27  08:20:22.266,  109 / 218,   160.0 -151.0
2017-03-27  08:20:22.279,  110 / 218,   6.0 -1.0
2017-03-27  08:20:22.291,  111 / 218,   11.0 2.0
2017-03-27  08:20:22.303,  112 / 218,   32.0 9.0
2017-03-27  08:20:22.315,  113 / 218,   27.0 11.0
2017-03-27  08:20:22.332,  114 / 218,   26.0 13.0
2017-03-27  08:20:22.344,  115 / 218,   29.0 17.0
2017-03-27  08:20:22.359,  116 / 218,   40.0 26.0
2017-03-27  08:20:22.370,  117 / 218,   21.0 13.0
2017-03-27  08:20:22.387,  118 / 218,   2.0 0.0
2017-03-27  08:20:22.399,  119 / 218,   2.0 -4.0
2017-03-27  08:20:22.411,  120 / 218,   10.0 -31.0
2017-03-27  08:20:22.423,  121 / 218,   15.0 -36.0
2017-03-27  08:20:22.435,  122 / 218,   17.0 3.0
2017-03-27  08:20:22.452,  123 / 218,   -2.0 10.0
2017-03-27  08:20:22.466,  124 / 218,   -11.0 33.0
2017-03-27  08:20:22.477,  125 / 218,   -9.0 36.0
2017-03-27  08:20:22.489,  126 / 218,   0.0 5.0
2017-03-27  08:20:22.502,  127 / 218,   1.0 2.0
2017-03-27  08:20:22.516,  128 / 218,   5.0 6.0
2017-03-27  08:20:22.530,  129 / 218,   1.0 4.0
2017-03-27  08:20:22.542,  130 / 218,   -1.0 3.0
2017-03-27  08:20:22.556,  131 / 218,   -6.0 4.0
2017-03-27  08:20:22.570,  132 / 218,   -4.0 1.0
2017-03-27  08:20:22.582,  133 / 218,   -5.0 61.0
2017-03-27  08:20:22.594,  134 / 218,   6.0 61.0
2017-03-27  08:20:22.606,  135 / 218,   -10.0 -2.0
2017-03-27  08:20:22.622,  136 / 218,   -10.0 -2.0
2017-03-27  08:20:22.634,  137 / 218,   -7.0 -67.0
2017-03-27  08:20:22.649,  138 / 218,   6.0 -67.0
2017-03-27  08:20:22.665,  139 / 218,   -3.0 -2.0
2017-03-27  08:20:22.678,  140 / 218,   -33.0 -20.0
2017-03-27  08:20:22.691,  141 / 218,   -51.0 -31.0
2017-03-27  08:20:22.706,  142 / 218,   -39.0 -20.0
2017-03-27  08:20:22.717,  143 / 218,   -37.0 -13.0
2017-03-27  08:20:22.730,  144 / 218,   -36.0 -9.0
2017-03-27  08:20:22.742,  145 / 218,   -4.0 -2.0
2017-03-27  08:20:22.757,  146 / 218,   2.0 -4.0
2017-03-27  08:20:22.772,  147 / 218,   5.0 -6.0
2017-03-27  08:20:22.785,  148 / 218,   5.0 -5.0
2017-03-27  08:20:22.797,  149 / 218,   72.0 -48.0
2017-03-27  08:20:22.809,  150 / 218,   2.0 13.0
2017-03-27  08:20:22.822,  151 / 218,   2.0 4.0
2017-03-27  08:20:22.834,  152 / 218,   11.0 1.0
2017-03-27  08:20:22.846,  153 / 218,   14.0 1.0
2017-03-27  08:20:22.858,  154 / 218,   9.0 -12.0
2017-03-27  08:20:22.876,  155 / 218,   9.0 -12.0
2017-03-27  08:20:22.888,  156 / 218,   -24.0 -4.0
2017-03-27  08:20:22.903,  157 / 218,   -21.0 -2.0
2017-03-27  08:20:22.917,  158 / 218,   -2.0 11.0
2017-03-27  08:20:22.930,  159 / 218,   0.0 0.0
2017-03-27  08:20:22.944,  160 / 218,   272.0 210.0
2017-03-27  08:20:22.958,  161 / 218,   5.0 17.0
2017-03-27  08:20:22.972,  162 / 218,   7.0 17.0
2017-03-27  08:20:22.984,  163 / 218,   10.0 20.0
2017-03-27  08:20:22.996,  164 / 218,   29.0 44.0
2017-03-27  08:20:23.012,  165 / 218,   22.0 29.0
2017-03-27  08:20:23.025,  166 / 218,   26.0 34.0
2017-03-27  08:20:23.037,  167 / 218,   15.0 18.0
2017-03-27  08:20:23.052,  168 / 218,   21.0 20.0
2017-03-27  08:20:23.065,  169 / 218,   25.0 21.0
2017-03-27  08:20:23.078,  170 / 218,   22.0 15.0
2017-03-27  08:20:23.090,  171 / 218,   22.0 11.0
2017-03-27  08:20:23.108,  172 / 218,   12.0 4.0
2017-03-27  08:20:23.122,  173 / 218,   -3.0 -11.0
2017-03-27  08:20:23.135,  174 / 218,   -7.0 -18.0
2017-03-27  08:20:23.147,  175 / 218,   -10.0 -23.0
2017-03-27  08:20:23.162,  176 / 218,   -12.0 -21.0
2017-03-27  08:20:23.178,  177 / 218,   -14.0 -20.0
2017-03-27  08:20:23.190,  178 / 218,   -8.0 -10.0
2017-03-27  08:20:23.202,  179 / 218,   11.0 -4.0
2017-03-27  08:20:23.214,  180 / 218,   19.0 -7.0
2017-03-27  08:20:23.230,  181 / 218,   17.0 -10.0
2017-03-27  08:20:23.243,  182 / 218,   15.0 -12.0
2017-03-27  08:20:23.255,  183 / 218,   11.0 -14.0
2017-03-27  08:20:23.267,  184 / 218,   10.0 -21.0
2017-03-27  08:20:23.281,  185 / 218,   4.0 -25.0
2017-03-27  08:20:23.295,  186 / 218,   1.0 -16.0
2017-03-27  08:20:23.307,  187 / 218,   -2.0 -14.0
2017-03-27  08:20:23.319,  188 / 218,   -4.0 -17.0
2017-03-27  08:20:23.335,  189 / 218,   -7.0 -17.0
2017-03-27  08:20:23.348,  190 / 218,   -9.0 -18.0
2017-03-27  08:20:23.360,  191 / 218,   -11.0 -19.0
2017-03-27  08:20:23.374,  192 / 218,   -11.0 -16.0
2017-03-27  08:20:23.386,  193 / 218,   -20.0 -25.0
2017-03-27  08:20:23.403,  194 / 218,   -2.0 -5.0
2017-03-27  08:20:23.415,  195 / 218,   9.0 -11.0
2017-03-27  08:20:23.428,  196 / 218,   10.0 -12.0
2017-03-27  08:20:23.440,  197 / 218,   3.0 -4.0
2017-03-27  08:20:23.454,  198 / 218,   5.0 -6.0
2017-03-27  08:20:23.467,  199 / 218,   15.0 -19.0
2017-03-27  08:20:23.482,  200 / 218,   18.0 -28.0
2017-03-27  08:20:23.494,  201 / 218,   2.0 -5.0
2017-03-27  08:20:23.507,  202 / 218,   0.0 -3.0
2017-03-27  08:20:23.519,  203 / 218,   -4.0 -2.0
2017-03-27  08:20:23.533,  204 / 218,   -7.0 -2.0
2017-03-27  08:20:23.546,  205 / 218,   -16.0 -1.0
2017-03-27  08:20:23.558,  206 / 218,   -15.0 2.0
2017-03-27  08:20:23.571,  207 / 218,   -16.0 5.0
2017-03-27  08:20:23.589,  208 / 218,   -19.0 8.0
2017-03-27  08:20:23.602,  209 / 218,   -20.0 11.0
2017-03-27  08:20:23.614,  210 / 218,   -28.0 20.0
2017-03-27  08:20:23.629,  211 / 218,   -36.0 26.0
2017-03-27  08:20:23.642,  212 / 218,   -26.0 19.0
2017-03-27  08:20:23.655,  213 / 218,   -22.0 20.0
2017-03-27  08:20:23.668,  214 / 218,   -18.0 20.0
2017-03-27  08:20:23.682,  215 / 218,   -12.0 18.0
2017-03-27  08:20:23.695,  216 / 218,   -6.0 21.0
2017-03-27  08:20:23.708,  217 / 218,   -1.0 19.0
2017-03-27  08:20:23.720,  218 / 218,   0.0 0.0
