2017-03-27  08:59:40.809,  Generating log file
2017-03-27  08:59:40.817,  loading data from: Star-Wars-Yoda.csv
2017-03-27  08:59:41.027,  Connected to Arduino on /dev/ttyACM0
2017-03-27  08:59:43.044,  2 / 218,   14.0 12.0
2017-03-27  08:59:43.053,  3 / 218,   13.0 9.0
2017-03-27  08:59:43.062,  4 / 218,   6.0 4.0
2017-03-27  08:59:43.071,  5 / 218,   6.0 7.0
2017-03-27  08:59:43.080,  6 / 218,   22.0 22.0
2017-03-27  08:59:43.090,  7 / 218,   20.0 19.0
2017-03-27  08:59:43.099,  8 / 218,   16.0 12.0
2017-03-27  08:59:43.108,  9 / 218,   7.0 4.0
2017-03-27  08:59:43.117,  10 / 218,   7.0 1.0
2017-03-27  08:59:43.133,  11 / 218,   7.0 -1.0
2017-03-27  08:59:43.149,  12 / 218,   4.0 -6.0
2017-03-27  08:59:43.165,  13 / 218,   14.0 -14.0
2017-03-27  08:59:43.181,  14 / 218,   19.0 -7.0
2017-03-27  08:59:43.203,  15 / 218,   27.0 -2.0
2017-03-27  08:59:43.219,  16 / 218,   41.0 3.0
2017-03-27  08:59:43.227,  17 / 218,   39.0 5.0
2017-03-27  08:59:43.236,  18 / 218,   8.0 2.0
2017-03-27  08:59:43.246,  19 / 218,   2.0 2.0
2017-03-27  08:59:43.255,  20 / 218,   -13.0 11.0
2017-03-27  08:59:43.264,  21 / 218,   -13.0 13.0
2017-03-27  08:59:43.272,  22 / 218,   -7.0 12.0
2017-03-27  08:59:43.281,  23 / 218,   -2.0 11.0
2017-03-27  08:59:43.290,  24 / 218,   3.0 10.0
2017-03-27  08:59:43.302,  25 / 218,   7.0 11.0
2017-03-27  08:59:43.311,  26 / 218,   10.0 9.0
2017-03-27  08:59:43.320,  27 / 218,   15.0 9.0
2017-03-27  08:59:43.329,  28 / 218,   17.0 6.0
2017-03-27  08:59:43.338,  29 / 218,   58.0 6.0
2017-03-27  08:59:43.347,  30 / 218,   90.0 9.0
2017-03-27  08:59:43.359,  31 / 218,   22.0 1.0
2017-03-27  08:59:43.372,  32 / 218,   16.0 -2.0
2017-03-27  08:59:43.384,  33 / 218,   14.0 -7.0
2017-03-27  08:59:43.396,  34 / 218,   16.0 -13.0
2017-03-27  08:59:43.409,  35 / 218,   11.0 -12.0
2017-03-27  08:59:43.424,  36 / 218,   5.0 -12.0
2017-03-27  08:59:43.436,  37 / 218,   0.0 -10.0
2017-03-27  08:59:43.450,  38 / 218,   -2.0 -13.0
2017-03-27  08:59:43.462,  39 / 218,   -3.0 -12.0
2017-03-27  08:59:43.475,  40 / 218,   -4.0 -7.0
2017-03-27  08:59:43.491,  41 / 218,   -118.0 -113.0
2017-03-27  08:59:43.503,  42 / 218,   -6.0 -9.0
2017-03-27  08:59:43.515,  43 / 218,   15.0 -12.0
2017-03-27  08:59:43.527,  44 / 218,   41.0 -23.0
2017-03-27  08:59:43.543,  45 / 218,   41.0 -16.0
2017-03-27  08:59:43.556,  46 / 218,   25.0 -10.0
2017-03-27  08:59:43.568,  47 / 218,   20.0 -14.0
2017-03-27  08:59:43.580,  48 / 218,   6.0 -7.0
2017-03-27  08:59:43.592,  49 / 218,   4.0 -10.0
2017-03-27  08:59:43.605,  50 / 218,   4.0 -18.0
2017-03-27  08:59:43.620,  51 / 218,   -2.0 -16.0
2017-03-27  08:59:43.632,  52 / 218,   -8.0 -14.0
2017-03-27  08:59:43.646,  53 / 218,   -14.0 -11.0
2017-03-27  08:59:43.658,  54 / 218,   -32.0 -14.0
2017-03-27  08:59:43.673,  55 / 218,   -70.0 -21.0
2017-03-27  08:59:43.685,  56 / 218,   -43.0 -9.0
2017-03-27  08:59:43.697,  57 / 218,   -34.0 -2.0
2017-03-27  08:59:43.710,  58 / 218,   -14.0 1.0
2017-03-27  08:59:43.724,  59 / 218,   -12.0 3.0
2017-03-27  08:59:43.738,  60 / 218,   -11.0 4.0
2017-03-27  08:59:43.750,  61 / 218,   -10.0 5.0
2017-03-27  08:59:43.762,  62 / 218,   -7.0 5.0
2017-03-27  08:59:43.774,  63 / 218,   -10.0 13.0
2017-03-27  08:59:43.789,  64 / 218,   -9.0 13.0
2017-03-27  08:59:43.801,  65 / 218,   -3.0 8.0
2017-03-27  08:59:43.814,  66 / 218,   0.0 10.0
2017-03-27  08:59:43.826,  67 / 218,   5.0 9.0
2017-03-27  08:59:43.841,  68 / 218,   3.0 3.0
2017-03-27  08:59:43.855,  69 / 218,   -6.0 -2.0
2017-03-27  08:59:43.867,  70 / 218,   -14.0 -5.0
2017-03-27  08:59:43.879,  71 / 218,   -14.0 -6.0
2017-03-27  08:59:43.892,  72 / 218,   -9.0 -4.0
2017-03-27  08:59:43.907,  73 / 218,   -10.0 -6.0
2017-03-27  08:59:43.919,  74 / 218,   -7.0 -7.0
2017-03-27  08:59:43.933,  75 / 218,   -2.0 -8.0
2017-03-27  08:59:43.945,  76 / 218,   -1.0 -4.0
2017-03-27  08:59:43.957,  77 / 218,   6.0 -18.0
2017-03-27  08:59:43.969,  78 / 218,   3.0 -7.0
2017-03-27  08:59:43.985,  79 / 218,   -2.0 -1.0
2017-03-27  08:59:43.997,  80 / 218,   -7.0 5.0
2017-03-27  08:59:44.013,  81 / 218,   -11.0 10.0
2017-03-27  08:59:44.026,  82 / 218,   -9.0 9.0
2017-03-27  08:59:44.037,  83 / 218,   -10.0 10.0
2017-03-27  08:59:44.049,  84 / 218,   -10.0 10.0
2017-03-27  08:59:44.061,  85 / 218,   -10.0 11.0
2017-03-27  08:59:44.077,  86 / 218,   -7.0 8.0
2017-03-27  08:59:44.091,  87 / 218,   -3.0 3.0
2017-03-27  08:59:44.103,  88 / 218,   -5.0 4.0
2017-03-27  08:59:44.116,  89 / 218,   -6.0 5.0
2017-03-27  08:59:44.128,  90 / 218,   -6.0 6.0
2017-03-27  08:59:44.144,  91 / 218,   -7.0 7.0
2017-03-27  08:59:44.157,  92 / 218,   -8.0 8.0
2017-03-27  08:59:44.169,  93 / 218,   -16.0 16.0
2017-03-27  08:59:44.182,  94 / 218,   -15.0 15.0
2017-03-27  08:59:44.195,  95 / 218,   -10.0 11.0
2017-03-27  08:59:44.207,  96 / 218,   -5.0 9.0
2017-03-27  08:59:44.220,  97 / 218,   -2.0 4.0
2017-03-27  08:59:44.231,  98 / 218,   -8.0 8.0
2017-03-27  08:59:44.248,  99 / 218,   -11.0 11.0
2017-03-27  08:59:44.260,  100 / 218,   -6.0 6.0
2017-03-27  08:59:44.273,  101 / 218,   -6.0 3.0
2017-03-27  08:59:44.285,  102 / 218,   -6.0 4.0
2017-03-27  08:59:44.297,  103 / 218,   -6.0 5.0
2017-03-27  08:59:44.309,  104 / 218,   -7.0 6.0
2017-03-27  08:59:44.324,  105 / 218,   -8.0 7.0
2017-03-27  08:59:44.341,  106 / 218,   -10.0 10.0
2017-03-27  08:59:44.352,  107 / 218,   -8.0 8.0
2017-03-27  08:59:44.365,  108 / 218,   0.0 0.0
2017-03-27  08:59:44.377,  109 / 218,   160.0 -151.0
2017-03-27  08:59:44.389,  110 / 218,   6.0 -1.0
2017-03-27  08:59:44.401,  111 / 218,   11.0 2.0
2017-03-27  08:59:44.413,  112 / 218,   32.0 9.0
2017-03-27  08:59:44.430,  113 / 218,   27.0 11.0
2017-03-27  08:59:44.441,  114 / 218,   26.0 13.0
2017-03-27  08:59:44.455,  115 / 218,   29.0 17.0
2017-03-27  08:59:44.467,  116 / 218,   40.0 26.0
2017-03-27  08:59:44.480,  117 / 218,   21.0 13.0
2017-03-27  08:59:44.493,  118 / 218,   2.0 0.0
2017-03-27  08:59:44.504,  119 / 218,   2.0 -4.0
2017-03-27  08:59:44.519,  120 / 218,   10.0 -31.0
2017-03-27  08:59:44.531,  121 / 218,   15.0 -36.0
2017-03-27  08:59:44.543,  122 / 218,   17.0 3.0
2017-03-27  08:59:44.554,  123 / 218,   -2.0 10.0
2017-03-27  08:59:44.566,  124 / 218,   -11.0 33.0
2017-03-27  08:59:44.581,  125 / 218,   -9.0 36.0
2017-03-27  08:59:44.594,  126 / 218,   0.0 5.0
2017-03-27  08:59:44.605,  127 / 218,   1.0 2.0
2017-03-27  08:59:44.617,  128 / 218,   5.0 6.0
2017-03-27  08:59:44.629,  129 / 218,   1.0 4.0
2017-03-27  08:59:44.642,  130 / 218,   -1.0 3.0
2017-03-27  08:59:44.656,  131 / 218,   -6.0 4.0
2017-03-27  08:59:44.668,  132 / 218,   -4.0 1.0
2017-03-27  08:59:44.679,  133 / 218,   -5.0 61.0
2017-03-27  08:59:44.690,  134 / 218,   6.0 61.0
2017-03-27  08:59:44.702,  135 / 218,   -10.0 -2.0
2017-03-27  08:59:44.717,  136 / 218,   -10.0 -2.0
2017-03-27  08:59:44.729,  137 / 218,   -7.0 -67.0
2017-03-27  08:59:44.744,  138 / 218,   6.0 -67.0
2017-03-27  08:59:44.756,  139 / 218,   -3.0 -2.0
2017-03-27  08:59:44.767,  140 / 218,   -33.0 -20.0
2017-03-27  08:59:44.779,  141 / 218,   -51.0 -31.0
2017-03-27  08:59:44.796,  142 / 218,   -39.0 -20.0
2017-03-27  08:59:44.809,  143 / 218,   -37.0 -13.0
2017-03-27  08:59:44.823,  144 / 218,   -36.0 -9.0
2017-03-27  08:59:44.834,  145 / 218,   -4.0 -2.0
2017-03-27  08:59:44.849,  146 / 218,   2.0 -4.0
2017-03-27  08:59:44.860,  147 / 218,   5.0 -6.0
2017-03-27  08:59:44.872,  148 / 218,   5.0 -5.0
2017-03-27  08:59:44.884,  149 / 218,   72.0 -48.0
2017-03-27  08:59:44.898,  150 / 218,   2.0 13.0
2017-03-27  08:59:44.913,  151 / 218,   2.0 4.0
2017-03-27  08:59:44.931,  152 / 218,   11.0 1.0
2017-03-27  08:59:44.943,  153 / 218,   14.0 1.0
2017-03-27  08:59:44.954,  154 / 218,   9.0 -12.0
2017-03-27  08:59:44.966,  155 / 218,   9.0 -12.0
2017-03-27  08:59:44.977,  156 / 218,   -24.0 -4.0
2017-03-27  08:59:44.993,  157 / 218,   -21.0 -2.0
2017-03-27  08:59:45.005,  158 / 218,   -2.0 11.0
2017-03-27  08:59:45.018,  159 / 218,   0.0 0.0
2017-03-27  08:59:45.032,  160 / 218,   272.0 210.0
2017-03-27  08:59:45.046,  161 / 218,   5.0 17.0
2017-03-27  08:59:45.059,  162 / 218,   7.0 17.0
2017-03-27  08:59:45.072,  163 / 218,   10.0 20.0
2017-03-27  08:59:45.084,  164 / 218,   29.0 44.0
2017-03-27  08:59:45.096,  165 / 218,   22.0 29.0
2017-03-27  08:59:45.108,  166 / 218,   26.0 34.0
2017-03-27  08:59:45.121,  167 / 218,   15.0 18.0
2017-03-27  08:59:45.134,  168 / 218,   21.0 20.0
2017-03-27  08:59:45.146,  169 / 218,   25.0 21.0
2017-03-27  08:59:45.160,  170 / 218,   22.0 15.0
2017-03-27  08:59:45.172,  171 / 218,   22.0 11.0
2017-03-27  08:59:45.183,  172 / 218,   12.0 4.0
2017-03-27  08:59:45.198,  173 / 218,   -3.0 -11.0
2017-03-27  08:59:45.211,  174 / 218,   -7.0 -18.0
2017-03-27  08:59:45.222,  175 / 218,   -10.0 -23.0
2017-03-27  08:59:45.234,  176 / 218,   -12.0 -21.0
2017-03-27  08:59:45.246,  177 / 218,   -14.0 -20.0
2017-03-27  08:59:45.261,  178 / 218,   -8.0 -10.0
2017-03-27  08:59:45.277,  179 / 218,   11.0 -4.0
2017-03-27  08:59:45.289,  180 / 218,   19.0 -7.0
2017-03-27  08:59:45.300,  181 / 218,   17.0 -10.0
2017-03-27  08:59:45.312,  182 / 218,   15.0 -12.0
2017-03-27  08:59:45.326,  183 / 218,   11.0 -14.0
2017-03-27  08:59:45.339,  184 / 218,   10.0 -21.0
2017-03-27  08:59:45.353,  185 / 218,   4.0 -25.0
2017-03-27  08:59:45.365,  186 / 218,   1.0 -16.0
2017-03-27  08:59:45.378,  187 / 218,   -2.0 -14.0
2017-03-27  08:59:45.391,  188 / 218,   -4.0 -17.0
2017-03-27  08:59:45.408,  189 / 218,   -7.0 -17.0
2017-03-27  08:59:45.420,  190 / 218,   -9.0 -18.0
2017-03-27  08:59:45.432,  191 / 218,   -11.0 -19.0
2017-03-27  08:59:45.445,  192 / 218,   -11.0 -16.0
2017-03-27  08:59:45.462,  193 / 218,   -20.0 -25.0
2017-03-27  08:59:45.474,  194 / 218,   -2.0 -5.0
2017-03-27  08:59:45.486,  195 / 218,   9.0 -11.0
2017-03-27  08:59:45.497,  196 / 218,   10.0 -12.0
2017-03-27  08:59:45.513,  197 / 218,   3.0 -4.0
2017-03-27  08:59:45.524,  198 / 218,   5.0 -6.0
2017-03-27  08:59:45.539,  199 / 218,   15.0 -19.0
2017-03-27  08:59:45.552,  200 / 218,   18.0 -28.0
2017-03-27  08:59:45.564,  201 / 218,   2.0 -5.0
2017-03-27  08:59:45.575,  202 / 218,   0.0 -3.0
2017-03-27  08:59:45.586,  203 / 218,   -4.0 -2.0
2017-03-27  08:59:45.598,  204 / 218,   -7.0 -2.0
2017-03-27  08:59:45.611,  205 / 218,   -16.0 -1.0
2017-03-27  08:59:45.631,  206 / 218,   -15.0 2.0
2017-03-27  08:59:45.645,  207 / 218,   -16.0 5.0
2017-03-27  08:59:45.658,  208 / 218,   -19.0 8.0
2017-03-27  08:59:45.672,  209 / 218,   -20.0 11.0
2017-03-27  08:59:45.689,  210 / 218,   -28.0 20.0
2017-03-27  08:59:45.702,  211 / 218,   -36.0 26.0
2017-03-27  08:59:45.716,  212 / 218,   -26.0 19.0
2017-03-27  08:59:45.728,  213 / 218,   -22.0 20.0
2017-03-27  08:59:45.741,  214 / 218,   -18.0 20.0
2017-03-27  08:59:45.756,  215 / 218,   -12.0 18.0
2017-03-27  08:59:45.769,  216 / 218,   -6.0 21.0
2017-03-27  08:59:45.781,  217 / 218,   -1.0 19.0
2017-03-27  08:59:45.795,  218 / 218,   0.0 0.0
