2017-04-02  14:56:39.755,  Generating log file
2017-04-02  14:56:39.756,  loading data from: cat_outline_11_9_16_tsp.csv
2017-04-02  14:56:39.927,  Connected to Arduino on /dev/ttyACM0
2017-04-02  14:56:41.951,  2 / 702,   4.0 -2.0
2017-04-02  14:56:42.012,  3 / 702,   5.0 0.0
2017-04-02  14:56:42.263,  4 / 702,   5.0 0.0
2017-04-02  14:56:42.616,  5 / 702,   5.0 0.0
2017-04-02  14:56:42.891,  6 / 702,   7.0 1.0
2017-04-02  14:56:43.276,  7 / 702,   8.0 0.0
2017-04-02  14:56:43.641,  8 / 702,   10.0 0.0
2017-04-02  14:56:44.121,  9 / 702,   10.0 0.0
2017-04-02  14:56:44.680,  10 / 702,   29.0 7.0
2017-04-02  14:56:45.249,  11 / 702,   8.0 2.0
2017-04-02  14:56:46.306,  12 / 702,   7.0 3.0
2017-04-02  14:56:46.810,  13 / 702,   6.0 2.0
2017-04-02  14:56:47.215,  14 / 702,   5.0 0.0
2017-04-02  14:56:47.670,  15 / 702,   3.0 -3.0
2017-04-02  14:56:47.966,  16 / 702,   4.0 -4.0
2017-04-02  14:56:48.118,  17 / 702,   4.0 -6.0
2017-04-02  14:56:48.223,  18 / 702,   5.0 -4.0
2017-04-02  14:56:48.498,  19 / 702,   4.0 -3.0
2017-04-02  14:56:48.562,  20 / 702,   3.0 -3.0
2017-04-02  14:56:48.638,  21 / 702,   4.0 -3.0
2017-04-02  14:56:48.708,  22 / 702,   7.0 -4.0
2017-04-02  14:56:48.776,  23 / 702,   8.0 -9.0
2017-04-02  14:56:49.230,  24 / 702,   4.0 -3.0
2017-04-02  14:56:49.297,  25 / 702,   4.0 -3.0
2017-04-02  14:56:49.387,  26 / 702,   6.0 -3.0
2017-04-02  14:56:49.539,  27 / 702,   3.0 -3.0
2017-04-02  14:56:49.906,  28 / 702,   3.0 -5.0
2017-04-02  14:56:50.057,  29 / 702,   7.0 1.0
2017-04-02  14:56:50.228,  30 / 702,   -2.0 -5.0
2017-04-02  14:56:50.590,  31 / 702,   -4.0 -4.0
2017-04-02  14:56:50.857,  32 / 702,   0.0 -6.0
2017-04-02  14:56:51.209,  33 / 702,   -5.0 -3.0
2017-04-02  14:56:51.662,  34 / 702,   2.0 -6.0
2017-04-02  14:56:51.913,  35 / 702,   -4.0 -6.0
2017-04-02  14:56:52.265,  36 / 702,   2.0 -6.0
2017-04-02  14:56:52.663,  37 / 702,   -4.0 -6.0
2017-04-02  14:56:53.116,  38 / 702,   2.0 -6.0
2017-04-02  14:56:53.545,  39 / 702,   -1.0 -8.0
2017-04-02  14:56:53.981,  40 / 702,   1.0 -7.0
2017-04-02  14:56:54.443,  41 / 702,   1.0 -7.0
2017-04-02  14:56:54.836,  42 / 702,   1.0 -7.0
2017-04-02  14:56:55.289,  43 / 702,   2.0 -4.0
2017-04-02  14:56:55.664,  44 / 702,   2.0 -6.0
2017-04-02  14:56:55.969,  45 / 702,   5.0 -4.0
2017-04-02  14:56:56.419,  46 / 702,   4.0 1.0
2017-04-02  14:56:56.493,  47 / 702,   7.0 2.0
2017-04-02  14:56:57.951,  48 / 702,   7.0 4.0
2017-04-02  14:56:58.334,  49 / 702,   5.0 0.0
2017-04-02  14:56:58.686,  50 / 702,   6.0 5.0
2017-04-02  14:56:59.038,  51 / 702,   7.0 4.0
2017-04-02  14:56:59.410,  52 / 702,   7.0 4.0
2017-04-02  14:56:59.793,  53 / 702,   7.0 4.0
2017-04-02  14:57:00.186,  54 / 702,   6.0 7.0
2017-04-02  14:57:00.567,  55 / 702,   6.0 5.0
2017-04-02  14:57:00.959,  56 / 702,   5.0 5.0
2017-04-02  14:57:01.414,  57 / 702,   6.0 3.0
2017-04-02  14:57:01.681,  58 / 702,   5.0 8.0
2017-04-02  14:57:02.133,  59 / 702,   4.0 6.0
2017-04-02  14:57:02.598,  60 / 702,   4.0 6.0
2017-04-02  14:57:02.991,  61 / 702,   2.0 5.0
2017-04-02  14:57:03.475,  62 / 702,   -1.0 7.0
2017-04-02  14:57:03.743,  63 / 702,   4.0 1.0
2017-04-02  14:57:04.195,  64 / 702,   6.0 3.0
2017-04-02  14:57:04.449,  65 / 702,   7.0 4.0
2017-04-02  14:57:04.831,  66 / 702,   8.0 3.0
2017-04-02  14:57:05.283,  67 / 702,   8.0 3.0
2017-04-02  14:57:05.740,  68 / 702,   8.0 5.0
2017-04-02  14:57:06.229,  69 / 702,   9.0 5.0
2017-04-02  14:57:06.782,  70 / 702,   8.0 3.0
2017-04-02  14:57:07.234,  71 / 702,   10.0 6.0
2017-04-02  14:57:07.702,  72 / 702,   9.0 7.0
2017-04-02  14:57:08.294,  73 / 702,   7.0 6.0
2017-04-02  14:57:08.771,  74 / 702,   6.0 5.0
2017-04-02  14:57:09.224,  75 / 702,   7.0 6.0
2017-04-02  14:57:09.591,  76 / 702,   8.0 8.0
2017-04-02  14:57:10.048,  77 / 702,   6.0 7.0
2017-04-02  14:57:10.501,  78 / 702,   5.0 6.0
2017-04-02  14:57:10.882,  79 / 702,   5.0 6.0
2017-04-02  14:57:11.245,  80 / 702,   3.0 5.0
2017-04-02  14:57:11.697,  81 / 702,   3.0 5.0
2017-04-02  14:57:11.984,  82 / 702,   4.0 6.0
2017-04-02  14:57:12.336,  83 / 702,   2.0 6.0
2017-04-02  14:57:12.792,  84 / 702,   4.0 4.0
2017-04-02  14:57:13.197,  85 / 702,   1.0 6.0
2017-04-02  14:57:13.502,  86 / 702,   5.0 4.0
2017-04-02  14:57:13.959,  87 / 702,   -2.0 3.0
2017-04-02  14:57:14.249,  88 / 702,   3.0 7.0
2017-04-02  14:57:14.451,  89 / 702,   4.0 4.0
2017-04-02  14:57:14.902,  90 / 702,   -2.0 6.0
2017-04-02  14:57:15.202,  91 / 702,   4.0 6.0
2017-04-02  14:57:15.654,  92 / 702,   1.0 6.0
2017-04-02  14:57:16.055,  93 / 702,   5.0 6.0
2017-04-02  14:57:16.506,  94 / 702,   -4.0 3.0
2017-04-02  14:57:16.959,  95 / 702,   5.0 8.0
2017-04-02  14:57:17.025,  96 / 702,   -3.0 0.0
2017-04-02  14:57:18.511,  97 / 702,   0.0 7.0
2017-04-02  14:57:18.662,  98 / 702,   4.0 4.0
2017-04-02  14:57:19.015,  99 / 702,   -3.0 4.0
2017-04-02  14:57:19.368,  100 / 702,   4.0 6.0
2017-04-02  14:57:19.664,  101 / 702,   -3.0 2.0
2017-04-02  14:57:20.116,  102 / 702,   0.0 5.0
2017-04-02  14:57:20.178,  103 / 702,   -2.0 3.0
2017-04-02  14:57:20.492,  104 / 702,   0.0 5.0
2017-04-02  14:57:20.676,  105 / 702,   1.0 6.0
2017-04-02  14:57:21.027,  106 / 702,   -3.0 0.0
2017-04-02  14:57:21.428,  107 / 702,   0.0 5.0
2017-04-02  14:57:21.579,  108 / 702,   -3.0 2.0
2017-04-02  14:57:21.841,  109 / 702,   -2.0 6.0
2017-04-02  14:57:21.902,  110 / 702,   -3.0 2.0
2017-04-02  14:57:22.198,  111 / 702,   5.0 3.0
2017-04-02  14:57:22.264,  112 / 702,   3.0 2.0
2017-04-02  14:57:23.795,  113 / 702,   6.0 3.0
2017-04-02  14:57:23.962,  114 / 702,   6.0 7.0
2017-04-02  14:57:24.415,  115 / 702,   5.0 3.0
2017-04-02  14:57:24.770,  116 / 702,   6.0 3.0
2017-04-02  14:57:25.066,  117 / 702,   5.0 6.0
2017-04-02  14:57:25.463,  118 / 702,   6.0 3.0
2017-04-02  14:57:25.813,  119 / 702,   5.0 3.0
2017-04-02  14:57:26.204,  120 / 702,   3.0 2.0
2017-04-02  14:57:26.558,  121 / 702,   5.0 3.0
2017-04-02  14:57:26.738,  122 / 702,   4.0 1.0
2017-04-02  14:57:27.090,  123 / 702,   4.0 6.0
2017-04-02  14:57:27.371,  124 / 702,   4.0 1.0
2017-04-02  14:57:27.731,  125 / 702,   5.0 6.0
2017-04-02  14:57:28.011,  126 / 702,   4.0 4.0
2017-04-02  14:57:28.405,  127 / 702,   6.0 5.0
2017-04-02  14:57:28.669,  128 / 702,   8.0 8.0
2017-04-02  14:57:29.055,  129 / 702,   8.0 8.0
2017-04-02  14:57:29.537,  130 / 702,   9.0 7.0
2017-04-02  14:57:30.024,  131 / 702,   6.0 5.0
2017-04-02  14:57:30.577,  132 / 702,   13.0 11.0
2017-04-02  14:57:30.933,  133 / 702,   7.0 6.0
2017-04-02  14:57:31.589,  134 / 702,   8.0 6.0
2017-04-02  14:57:32.041,  135 / 702,   9.0 7.0
2017-04-02  14:57:32.498,  136 / 702,   9.0 8.0
2017-04-02  14:57:33.009,  137 / 702,   6.0 7.0
2017-04-02  14:57:33.527,  138 / 702,   6.0 5.0
2017-04-02  14:57:33.920,  139 / 702,   5.0 6.0
2017-04-02  14:57:34.321,  140 / 702,   6.0 3.0
2017-04-02  14:57:34.670,  141 / 702,   5.0 8.0
2017-04-02  14:57:35.033,  142 / 702,   5.0 6.0
2017-04-02  14:57:35.486,  143 / 702,   4.0 6.0
2017-04-02  14:57:35.941,  144 / 702,   5.0 6.0
2017-04-02  14:57:36.395,  145 / 702,   6.0 7.0
2017-04-02  14:57:36.780,  146 / 702,   5.0 8.0
2017-04-02  14:57:37.230,  147 / 702,   6.0 8.0
2017-04-02  14:57:37.706,  148 / 702,   5.0 8.0
2017-04-02  14:57:38.229,  149 / 702,   5.0 8.0
2017-04-02  14:57:38.721,  150 / 702,   3.0 5.0
2017-04-02  14:57:39.217,  151 / 702,   5.0 8.0
2017-04-02  14:57:39.549,  152 / 702,   3.0 7.0
2017-04-02  14:57:40.062,  153 / 702,   4.0 6.0
2017-04-02  14:57:40.486,  154 / 702,   0.0 7.0
2017-04-02  14:57:40.897,  155 / 702,   4.0 6.0
2017-04-02  14:57:41.349,  156 / 702,   1.0 7.0
2017-04-02  14:57:41.745,  157 / 702,   4.0 7.0
2017-04-02  14:57:42.196,  158 / 702,   1.0 6.0
2017-04-02  14:57:42.584,  159 / 702,   1.0 6.0
2017-04-02  14:57:43.037,  160 / 702,   4.0 4.0
2017-04-02  14:57:43.471,  161 / 702,   0.0 5.0
2017-04-02  14:57:43.776,  162 / 702,   4.0 6.0
2017-04-02  14:57:44.127,  163 / 702,   2.0 6.0
2017-04-02  14:57:44.578,  164 / 702,   4.0 4.0
2017-04-02  14:57:44.948,  165 / 702,   4.0 7.0
2017-04-02  14:57:45.299,  166 / 702,   4.0 6.0
2017-04-02  14:57:45.750,  167 / 702,   5.0 6.0
2017-04-02  14:57:46.146,  168 / 702,   5.0 6.0
2017-04-02  14:57:46.598,  169 / 702,   6.0 3.0
2017-04-02  14:57:46.999,  170 / 702,   5.0 8.0
2017-04-02  14:57:47.353,  171 / 702,   6.0 5.0
2017-04-02  14:57:47.806,  172 / 702,   5.0 6.0
2017-04-02  14:57:48.187,  173 / 702,   5.0 6.0
2017-04-02  14:57:48.550,  174 / 702,   6.0 5.0
2017-04-02  14:57:48.940,  175 / 702,   6.0 5.0
2017-04-02  14:57:49.290,  176 / 702,   6.0 3.0
2017-04-02  14:57:49.689,  177 / 702,   7.0 7.0
2017-04-02  14:57:50.141,  178 / 702,   6.0 3.0
2017-04-02  14:57:50.503,  179 / 702,   6.0 3.0
2017-04-02  14:57:50.958,  180 / 702,   6.0 3.0
2017-04-02  14:57:51.319,  181 / 702,   5.0 4.0
2017-04-02  14:57:51.771,  182 / 702,   4.0 2.0
2017-04-02  14:57:52.053,  183 / 702,   5.0 4.0
2017-04-02  14:57:52.405,  184 / 702,   2.0 6.0
2017-04-02  14:57:52.693,  185 / 702,   2.0 6.0
2017-04-02  14:57:53.048,  186 / 702,   -3.0 -2.0
2017-04-02  14:57:53.527,  187 / 702,   -1.0 5.0
2017-04-02  14:57:53.676,  188 / 702,   4.0 2.0
2017-04-02  14:57:53.969,  189 / 702,   -2.0 4.0
2017-04-02  14:57:54.230,  190 / 702,   -3.0 0.0
2017-04-02  14:57:54.388,  191 / 702,   -2.0 4.0
2017-04-02  14:57:54.580,  192 / 702,   4.0 4.0
2017-04-02  14:57:54.734,  193 / 702,   -5.0 1.0
2017-04-02  14:57:55.197,  194 / 702,   -3.0 0.0
2017-04-02  14:57:55.548,  195 / 702,   -2.0 4.0
2017-04-02  14:57:55.735,  196 / 702,   -3.0 2.0
2017-04-02  14:57:55.894,  197 / 702,   -4.0 3.0
2017-04-02  14:57:55.985,  198 / 702,   -3.0 2.0
2017-04-02  14:57:56.238,  199 / 702,   -4.0 1.0
2017-04-02  14:57:56.436,  200 / 702,   0.0 5.0
2017-04-02  14:57:56.787,  201 / 702,   -4.0 -2.0
2017-04-02  14:57:57.040,  202 / 702,   -4.0 0.0
2017-04-02  14:57:57.291,  203 / 702,   0.0 5.0
2017-04-02  14:57:57.642,  204 / 702,   -4.0 -2.0
2017-04-02  14:57:57.893,  205 / 702,   -1.0 3.0
2017-04-02  14:57:58.173,  206 / 702,   -4.0 1.0
2017-04-02  14:57:58.311,  207 / 702,   -3.0 3.0
2017-04-02  14:57:58.593,  208 / 702,   -2.0 2.0
2017-04-02  14:57:58.678,  209 / 702,   -2.0 2.0
2017-04-02  14:57:58.748,  210 / 702,   -4.0 1.0
2017-04-02  14:57:58.815,  211 / 702,   -4.0 1.0
2017-04-02  14:57:59.097,  212 / 702,   0.0 5.0
2017-04-02  14:57:59.447,  213 / 702,   -5.0 -4.0
2017-04-02  14:57:59.698,  214 / 702,   -4.0 1.0
2017-04-02  14:57:59.994,  215 / 702,   -2.0 2.0
2017-04-02  14:58:00.261,  216 / 702,   -3.0 -2.0
2017-04-02  14:58:00.345,  217 / 702,   -4.0 1.0
2017-04-02  14:58:00.716,  218 / 702,   -4.0 -4.0
2017-04-02  14:58:00.977,  219 / 702,   -4.0 -2.0
2017-04-02  14:58:01.329,  220 / 702,   -3.0 -5.0
2017-04-02  14:58:01.616,  221 / 702,   -4.0 -2.0
2017-04-02  14:58:01.886,  222 / 702,   -6.0 -5.0
2017-04-02  14:58:02.152,  223 / 702,   2.0 -2.0
2017-04-02  14:58:02.538,  224 / 702,   -4.0 -4.0
2017-04-02  14:58:02.623,  225 / 702,   -4.0 -7.0
2017-04-02  14:58:03.206,  226 / 702,   -2.0 -1.0
2017-04-02  14:58:03.573,  227 / 702,   -3.0 -5.0
2017-04-02  14:58:03.664,  228 / 702,   -3.0 -6.0
2017-04-02  14:58:03.939,  229 / 702,   -3.0 -2.0
2017-04-02  14:58:04.390,  230 / 702,   -3.0 -6.0
2017-04-02  14:58:04.541,  231 / 702,   -4.0 -4.0
2017-04-02  14:58:04.996,  232 / 702,   -4.0 -4.0
2017-04-02  14:58:05.286,  233 / 702,   -3.0 -5.0
2017-04-02  14:58:05.636,  234 / 702,   -5.0 -4.0
2017-04-02  14:58:05.994,  235 / 702,   -2.0 -1.0
2017-04-02  14:58:06.290,  236 / 702,   -4.0 -4.0
2017-04-02  14:58:06.442,  237 / 702,   -4.0 -1.0
2017-04-02  14:58:06.711,  238 / 702,   -5.0 -4.0
2017-04-02  14:58:07.062,  239 / 702,   -5.0 -1.0
2017-04-02  14:58:07.350,  240 / 702,   -4.0 1.0
2017-04-02  14:58:07.700,  241 / 702,   -2.0 2.0
2017-04-02  14:58:07.998,  242 / 702,   -4.0 -1.0
2017-04-02  14:58:08.089,  243 / 702,   -3.0 3.0
2017-04-02  14:58:08.470,  244 / 702,   -2.0 4.0
2017-04-02  14:58:08.630,  245 / 702,   -4.0 -1.0
2017-04-02  14:58:08.924,  246 / 702,   0.0 6.0
2017-04-02  14:58:09.181,  247 / 702,   -5.0 -1.0
2017-04-02  14:58:09.549,  248 / 702,   -4.0 2.0
2017-04-02  14:58:09.811,  249 / 702,   -1.0 6.0
2017-04-02  14:58:10.165,  250 / 702,   -5.0 -1.0
2017-04-02  14:58:10.518,  251 / 702,   0.0 6.0
2017-04-02  14:58:10.769,  252 / 702,   -3.0 0.0
2017-04-02  14:58:11.121,  253 / 702,   -4.0 1.0
2017-04-02  14:58:11.273,  254 / 702,   -3.0 3.0
2017-04-02  14:58:11.623,  255 / 702,   -2.0 2.0
2017-04-02  14:58:11.774,  256 / 702,   -2.0 2.0
2017-04-02  14:58:11.843,  257 / 702,   -4.0 1.0
2017-04-02  14:58:11.935,  258 / 702,   -4.0 4.0
2017-04-02  14:58:12.185,  259 / 702,   -3.0 3.0
2017-04-02  14:58:12.335,  260 / 702,   -3.0 3.0
2017-04-02  14:58:12.429,  261 / 702,   -2.0 2.0
2017-04-02  14:58:12.494,  262 / 702,   -3.0 3.0
2017-04-02  14:58:12.553,  263 / 702,   -3.0 3.0
2017-04-02  14:58:12.622,  264 / 702,   -1.0 4.0
2017-04-02  14:58:12.690,  265 / 702,   -1.0 4.0
2017-04-02  14:58:12.952,  266 / 702,   -2.0 2.0
2017-04-02  14:58:13.340,  267 / 702,   -2.0 2.0
2017-04-02  14:58:13.494,  268 / 702,   4.0 5.0
2017-04-02  14:58:13.643,  269 / 702,   -2.0 2.0
2017-04-02  14:58:13.993,  270 / 702,   7.0 4.0
2017-04-02  14:58:14.053,  271 / 702,   5.0 3.0
2017-04-02  14:58:14.706,  272 / 702,   6.0 3.0
2017-04-02  14:58:15.002,  273 / 702,   5.0 3.0
2017-04-02  14:58:15.454,  274 / 702,   4.0 1.0
2017-04-02  14:58:15.727,  275 / 702,   5.0 3.0
2017-04-02  14:58:16.079,  276 / 702,   5.0 3.0
2017-04-02  14:58:16.431,  277 / 702,   4.0 1.0
2017-04-02  14:58:16.693,  278 / 702,   4.0 4.0
2017-04-02  14:58:17.046,  279 / 702,   3.0 2.0
2017-04-02  14:58:17.350,  280 / 702,   4.0 1.0
2017-04-02  14:58:17.550,  281 / 702,   6.0 3.0
2017-04-02  14:58:17.901,  282 / 702,   5.0 3.0
2017-04-02  14:58:18.321,  283 / 702,   5.0 3.0
2017-04-02  14:58:18.598,  284 / 702,   6.0 3.0
2017-04-02  14:58:18.948,  285 / 702,   5.0 3.0
2017-04-02  14:58:19.332,  286 / 702,   4.0 4.0
2017-04-02  14:58:19.682,  287 / 702,   1.0 5.0
2017-04-02  14:58:19.951,  288 / 702,   4.0 4.0
2017-04-02  14:58:20.238,  289 / 702,   -3.0 1.0
2017-04-02  14:58:20.591,  290 / 702,   0.0 6.0
2017-04-02  14:58:20.744,  291 / 702,   3.0 2.0
2017-04-02  14:58:21.095,  292 / 702,   0.0 6.0
2017-04-02  14:58:21.275,  293 / 702,   -3.0 0.0
2017-04-02  14:58:21.726,  294 / 702,   3.0 8.0
2017-04-02  14:58:21.876,  295 / 702,   -4.0 -1.0
2017-04-02  14:58:22.328,  296 / 702,   0.0 6.0
2017-04-02  14:58:22.581,  297 / 702,   -3.0 3.0
2017-04-02  14:58:22.933,  298 / 702,   -3.0 3.0
2017-04-02  14:58:23.212,  299 / 702,   -1.0 4.0
2017-04-02  14:58:23.403,  300 / 702,   -2.0 2.0
2017-04-02  14:58:23.691,  301 / 702,   -2.0 2.0
2017-04-02  14:58:23.783,  302 / 702,   -2.0 2.0
2017-04-02  14:58:23.853,  303 / 702,   -2.0 2.0
2017-04-02  14:58:23.921,  304 / 702,   -2.0 2.0
2017-04-02  14:58:23.987,  305 / 702,   -2.0 2.0
2017-04-02  14:58:24.044,  306 / 702,   -3.0 1.0
2017-04-02  14:58:24.104,  307 / 702,   -2.0 3.0
2017-04-02  14:58:24.355,  308 / 702,   -2.0 3.0
2017-04-02  14:58:24.414,  309 / 702,   -3.0 1.0
2017-04-02  14:58:24.573,  310 / 702,   -2.0 2.0
2017-04-02  14:58:24.731,  311 / 702,   -2.0 2.0
2017-04-02  14:58:24.819,  312 / 702,   -3.0 -2.0
2017-04-02  14:58:24.879,  313 / 702,   0.0 3.0
2017-04-02  14:58:26.233,  314 / 702,   -5.0 -3.0
2017-04-02  14:58:26.433,  315 / 702,   -5.0 0.0
2017-04-02  14:58:26.682,  316 / 702,   -4.0 -2.0
2017-04-02  14:58:27.035,  317 / 702,   -5.0 -2.0
2017-04-02  14:58:27.329,  318 / 702,   -4.0 -1.0
2017-04-02  14:58:27.682,  319 / 702,   -4.0 -1.0
2017-04-02  14:58:27.980,  320 / 702,   -5.0 -3.0
2017-04-02  14:58:28.359,  321 / 702,   -4.0 -1.0
2017-04-02  14:58:28.641,  322 / 702,   -4.0 -4.0
2017-04-02  14:58:28.960,  323 / 702,   -3.0 1.0
2017-04-02  14:58:29.275,  324 / 702,   -4.0 -5.0
2017-04-02  14:58:29.468,  325 / 702,   -4.0 -1.0
2017-04-02  14:58:29.824,  326 / 702,   -5.0 -3.0
2017-04-02  14:58:30.102,  327 / 702,   -3.0 -2.0
2017-04-02  14:58:30.455,  328 / 702,   -4.0 -4.0
2017-04-02  14:58:30.639,  329 / 702,   -4.0 -1.0
2017-04-02  14:58:30.991,  330 / 702,   -4.0 -5.0
2017-04-02  14:58:31.270,  331 / 702,   -5.0 -3.0
2017-04-02  14:58:31.621,  332 / 702,   -5.0 -3.0
2017-04-02  14:58:31.879,  333 / 702,   -2.0 0.0
2017-04-02  14:58:32.232,  334 / 702,   -4.0 -5.0
2017-04-02  14:58:32.384,  335 / 702,   -5.0 -3.0
2017-04-02  14:58:32.680,  336 / 702,   -4.0 -4.0
2017-04-02  14:58:33.031,  337 / 702,   -5.0 -2.0
2017-04-02  14:58:33.329,  338 / 702,   0.0 -3.0
2017-04-02  14:58:33.681,  339 / 702,   -6.0 -5.0
2017-04-02  14:58:33.833,  340 / 702,   -4.0 -1.0
2017-04-02  14:58:34.132,  341 / 702,   -3.0 -6.0
2017-04-02  14:58:34.485,  342 / 702,   -4.0 -1.0
2017-04-02  14:58:34.836,  343 / 702,   -6.0 -5.0
2017-04-02  14:58:35.091,  344 / 702,   0.0 -3.0
2017-04-02  14:58:35.493,  345 / 702,   -6.0 -1.0
2017-04-02  14:58:35.651,  346 / 702,   0.0 -3.0
2017-04-02  14:58:36.019,  347 / 702,   -6.0 -5.0
2017-04-02  14:58:36.169,  348 / 702,   -3.0 1.0
2017-04-02  14:58:36.522,  349 / 702,   -2.0 -7.0
2017-04-02  14:58:36.771,  350 / 702,   -5.0 -3.0
2017-04-02  14:58:37.124,  351 / 702,   -4.0 -4.0
2017-04-02  14:58:37.375,  352 / 702,   -4.0 -4.0
2017-04-02  14:58:37.655,  353 / 702,   -6.0 -5.0
2017-04-02  14:58:38.006,  354 / 702,   0.0 -3.0
2017-04-02  14:58:38.401,  355 / 702,   -6.0 -4.0
2017-04-02  14:58:38.564,  356 / 702,   -3.0 -2.0
2017-04-02  14:58:38.864,  357 / 702,   -2.0 -6.0
2017-04-02  14:58:39.116,  358 / 702,   -4.0 -1.0
2017-04-02  14:58:39.467,  359 / 702,   -4.0 -7.0
2017-04-02  14:58:39.718,  360 / 702,   -4.0 -4.0
2017-04-02  14:58:40.072,  361 / 702,   -4.0 -4.0
2017-04-02  14:58:40.423,  362 / 702,   -3.0 -6.0
2017-04-02  14:58:40.712,  363 / 702,   -5.0 -3.0
2017-04-02  14:58:41.164,  364 / 702,   -2.0 -6.0
2017-04-02  14:58:41.416,  365 / 702,   -5.0 -3.0
2017-04-02  14:58:41.768,  366 / 702,   -3.0 -6.0
2017-04-02  14:58:42.020,  367 / 702,   -6.0 -5.0
2017-04-02  14:58:42.370,  368 / 702,   -2.0 -6.0
2017-04-02  14:58:42.725,  369 / 702,   -4.0 -1.0
2017-04-02  14:58:43.077,  370 / 702,   -4.0 -7.0
2017-04-02  14:58:43.358,  371 / 702,   -5.0 -3.0
2017-04-02  14:58:43.707,  372 / 702,   -2.0 -6.0
2017-04-02  14:58:43.958,  373 / 702,   -4.0 -1.0
2017-04-02  14:58:44.310,  374 / 702,   -3.0 -6.0
2017-04-02  14:58:44.572,  375 / 702,   -5.0 -3.0
2017-04-02  14:58:44.949,  376 / 702,   -4.0 -4.0
2017-04-02  14:58:45.203,  377 / 702,   -4.0 -1.0
2017-04-02  14:58:45.555,  378 / 702,   -3.0 -6.0
2017-04-02  14:58:45.835,  379 / 702,   -5.0 -3.0
2017-04-02  14:58:46.214,  380 / 702,   -4.0 -2.0
2017-04-02  14:58:46.469,  381 / 702,   -3.0 -2.0
2017-04-02  14:58:46.823,  382 / 702,   -4.0 -4.0
2017-04-02  14:58:47.009,  383 / 702,   -4.0 -1.0
2017-04-02  14:58:47.361,  384 / 702,   -4.0 -2.0
2017-04-02  14:58:47.646,  385 / 702,   -5.0 -3.0
2017-04-02  14:58:47.996,  386 / 702,   -3.0 -2.0
2017-04-02  14:58:48.291,  387 / 702,   -5.0 -3.0
2017-04-02  14:58:48.463,  388 / 702,   -5.0 -3.0
2017-04-02  14:58:48.814,  389 / 702,   -4.0 -2.0
2017-04-02  14:58:49.091,  390 / 702,   -2.0 0.0
2017-04-02  14:58:49.441,  391 / 702,   -5.0 -6.0
2017-04-02  14:58:49.591,  392 / 702,   -4.0 -1.0
2017-04-02  14:58:49.943,  393 / 702,   -4.0 -4.0
2017-04-02  14:58:50.194,  394 / 702,   -5.0 -3.0
2017-04-02  14:58:50.545,  395 / 702,   -4.0 -4.0
2017-04-02  14:58:50.815,  396 / 702,   -5.0 -3.0
2017-04-02  14:58:51.165,  397 / 702,   -4.0 -4.0
2017-04-02  14:58:51.445,  398 / 702,   -4.0 -4.0
2017-04-02  14:58:51.793,  399 / 702,   -5.0 -3.0
2017-04-02  14:58:52.069,  400 / 702,   -4.0 -5.0
2017-04-02  14:58:52.419,  401 / 702,   -4.0 -4.0
2017-04-02  14:58:52.717,  402 / 702,   -5.0 -3.0
2017-04-02  14:58:53.068,  403 / 702,   -4.0 -5.0
2017-04-02  14:58:53.371,  404 / 702,   -4.0 -4.0
2017-04-02  14:58:53.657,  405 / 702,   -4.0 -4.0
2017-04-02  14:58:54.008,  406 / 702,   -4.0 -5.0
2017-04-02  14:58:54.284,  407 / 702,   -3.0 -2.0
2017-04-02  14:58:54.635,  408 / 702,   -4.0 -7.0
2017-04-02  14:58:54.821,  409 / 702,   -4.0 -4.0
2017-04-02  14:58:55.184,  410 / 702,   -4.0 -4.0
2017-04-02  14:58:55.537,  411 / 702,   -4.0 -5.0
2017-04-02  14:58:55.812,  412 / 702,   -5.0 -6.0
2017-04-02  14:58:56.162,  413 / 702,   -4.0 -4.0
2017-04-02  14:58:56.514,  414 / 702,   -4.0 -5.0
2017-04-02  14:58:56.866,  415 / 702,   -5.0 -6.0
2017-04-02  14:58:57.162,  416 / 702,   -6.0 -5.0
2017-04-02  14:58:57.615,  417 / 702,   -3.0 -5.0
2017-04-02  14:58:57.967,  418 / 702,   -3.0 -8.0
2017-04-02  14:58:58.247,  419 / 702,   -4.0 -1.0
2017-04-02  14:58:58.744,  420 / 702,   -3.0 -8.0
2017-04-02  14:58:59.039,  421 / 702,   -3.0 -1.0
2017-04-02  14:58:59.444,  422 / 702,   -4.0 -7.0
2017-04-02  14:58:59.637,  423 / 702,   -4.0 -4.0
2017-04-02  14:58:59.969,  424 / 702,   -5.0 -6.0
2017-04-02  14:59:00.252,  425 / 702,   -4.0 -4.0
2017-04-02  14:59:00.703,  426 / 702,   -5.0 -6.0
2017-04-02  14:59:01.057,  427 / 702,   -4.0 -4.0
2017-04-02  14:59:01.416,  428 / 702,   -5.0 -6.0
2017-04-02  14:59:01.768,  429 / 702,   -6.0 -5.0
2017-04-02  14:59:02.172,  430 / 702,   -6.0 -5.0
2017-04-02  14:59:02.524,  431 / 702,   -4.0 -4.0
2017-04-02  14:59:02.977,  432 / 702,   -5.0 -6.0
2017-04-02  14:59:03.306,  433 / 702,   -5.0 -3.0
2017-04-02  14:59:03.661,  434 / 702,   -3.0 -5.0
2017-04-02  14:59:03.913,  435 / 702,   -5.0 -3.0
2017-04-02  14:59:04.192,  436 / 702,   -2.0 0.0
2017-04-02  14:59:04.439,  437 / 702,   -3.0 -6.0
2017-04-02  14:59:04.609,  438 / 702,   -5.0 -5.0
2017-04-02  14:59:04.985,  439 / 702,   -3.0 1.0
2017-04-02  14:59:05.336,  440 / 702,   -4.0 -7.0
2017-04-02  14:59:05.487,  441 / 702,   -5.0 -3.0
2017-04-02  14:59:05.839,  442 / 702,   -3.0 -1.0
2017-04-02  14:59:06.121,  443 / 702,   -3.0 -5.0
2017-04-02  14:59:06.372,  444 / 702,   -5.0 -3.0
2017-04-02  14:59:06.624,  445 / 702,   -5.0 -3.0
2017-04-02  14:59:06.878,  446 / 702,   -4.0 -1.0
2017-04-02  14:59:07.174,  447 / 702,   -5.0 -6.0
2017-04-02  14:59:07.525,  448 / 702,   -4.0 0.0
2017-04-02  14:59:07.876,  449 / 702,   -3.0 -1.0
2017-04-02  14:59:08.133,  450 / 702,   -4.0 -4.0
2017-04-02  14:59:08.360,  451 / 702,   -5.0 -3.0
2017-04-02  14:59:08.696,  452 / 702,   -5.0 -3.0
2017-04-02  14:59:08.980,  453 / 702,   -4.0 -1.0
2017-04-02  14:59:09.335,  454 / 702,   -3.0 -1.0
2017-04-02  14:59:09.636,  455 / 702,   -4.0 -4.0
2017-04-02  14:59:09.922,  456 / 702,   -4.0 0.0
2017-04-02  14:59:10.220,  457 / 702,   -5.0 -3.0
2017-04-02  14:59:10.512,  458 / 702,   -3.0 -1.0
2017-04-02  14:59:10.819,  459 / 702,   -3.0 1.0
2017-04-02  14:59:11.040,  460 / 702,   -4.0 -4.0
2017-04-02  14:59:11.256,  461 / 702,   -4.0 2.0
2017-04-02  14:59:11.566,  462 / 702,   -4.0 -4.0
2017-04-02  14:59:11.895,  463 / 702,   -5.0 1.0
2017-04-02  14:59:12.206,  464 / 702,   -4.0 0.0
2017-04-02  14:59:12.529,  465 / 702,   -4.0 0.0
2017-04-02  14:59:12.845,  466 / 702,   -4.0 0.0
2017-04-02  14:59:13.158,  467 / 702,   -4.0 0.0
2017-04-02  14:59:13.479,  468 / 702,   -5.0 1.0
2017-04-02  14:59:13.772,  469 / 702,   -5.0 1.0
2017-04-02  14:59:14.122,  470 / 702,   -4.0 2.0
2017-04-02  14:59:14.422,  471 / 702,   -4.0 -3.0
2017-04-02  14:59:14.776,  472 / 702,   -4.0 0.0
2017-04-02  14:59:15.058,  473 / 702,   -2.0 0.0
2017-04-02  14:59:15.407,  474 / 702,   -3.0 -1.0
2017-04-02  14:59:15.557,  475 / 702,   -4.0 -1.0
2017-04-02  14:59:15.758,  476 / 702,   -5.0 -2.0
2017-04-02  14:59:16.112,  477 / 702,   -3.0 1.0
2017-04-02  14:59:16.406,  478 / 702,   -4.0 -3.0
2017-04-02  14:59:16.656,  479 / 702,   -3.0 1.0
2017-04-02  14:59:16.934,  480 / 702,   -4.0 -3.0
2017-04-02  14:59:17.185,  481 / 702,   -2.0 0.0
2017-04-02  14:59:17.458,  482 / 702,   -4.0 -3.0
2017-04-02  14:59:17.625,  483 / 702,   -4.0 -3.0
2017-04-02  14:59:17.978,  484 / 702,   -5.0 -2.0
2017-04-02  14:59:18.272,  485 / 702,   0.0 -6.0
2017-04-02  14:59:18.572,  486 / 702,   -3.0 -4.0
2017-04-02  14:59:18.921,  487 / 702,   1.0 -8.0
2017-04-02  14:59:19.273,  488 / 702,   4.0 -9.0
2017-04-02  14:59:19.742,  489 / 702,   4.0 -3.0
2017-04-02  14:59:20.238,  490 / 702,   6.0 -2.0
2017-04-02  14:59:20.302,  491 / 702,   10.0 -2.0
2017-04-02  14:59:20.651,  492 / 702,   7.0 -1.0
2017-04-02  14:59:21.204,  493 / 702,   7.0 -1.0
2017-04-02  14:59:21.599,  494 / 702,   6.0 0.0
2017-04-02  14:59:22.050,  495 / 702,   6.0 0.0
2017-04-02  14:59:22.434,  496 / 702,   6.0 0.0
2017-04-02  14:59:22.887,  497 / 702,   6.0 0.0
2017-04-02  14:59:23.313,  498 / 702,   6.0 1.0
2017-04-02  14:59:23.709,  499 / 702,   4.0 0.0
2017-04-02  14:59:24.163,  500 / 702,   4.0 0.0
2017-04-02  14:59:24.458,  501 / 702,   6.0 1.0
2017-04-02  14:59:24.808,  502 / 702,   7.0 3.0
2017-04-02  14:59:25.204,  503 / 702,   7.0 3.0
2017-04-02  14:59:25.604,  504 / 702,   10.0 4.0
2017-04-02  14:59:25.985,  505 / 702,   10.0 4.0
2017-04-02  14:59:26.543,  506 / 702,   8.0 2.0
2017-04-02  14:59:27.099,  507 / 702,   8.0 4.0
2017-04-02  14:59:27.578,  508 / 702,   7.0 3.0
2017-04-02  14:59:28.052,  509 / 702,   7.0 3.0
2017-04-02  14:59:28.477,  510 / 702,   7.0 3.0
2017-04-02  14:59:28.847,  511 / 702,   8.0 4.0
2017-04-02  14:59:29.299,  512 / 702,   6.0 4.0
2017-04-02  14:59:29.751,  513 / 702,   6.0 4.0
2017-04-02  14:59:30.205,  514 / 702,   6.0 4.0
2017-04-02  14:59:30.601,  515 / 702,   6.0 4.0
2017-04-02  14:59:31.052,  516 / 702,   7.0 6.0
2017-04-02  14:59:31.505,  517 / 702,   6.0 4.0
2017-04-02  14:59:31.873,  518 / 702,   5.0 5.0
2017-04-02  14:59:32.325,  519 / 702,   6.0 4.0
2017-04-02  14:59:32.620,  520 / 702,   5.0 5.0
2017-04-02  14:59:33.073,  521 / 702,   5.0 5.0
2017-04-02  14:59:33.368,  522 / 702,   5.0 5.0
2017-04-02  14:59:33.639,  523 / 702,   5.0 5.0
2017-04-02  14:59:33.990,  524 / 702,   5.0 5.0
2017-04-02  14:59:34.264,  525 / 702,   6.0 7.0
2017-04-02  14:59:34.561,  526 / 702,   6.0 4.0
2017-04-02  14:59:34.954,  527 / 702,   5.0 8.0
2017-04-02  14:59:35.336,  528 / 702,   6.0 7.0
2017-04-02  14:59:35.789,  529 / 702,   5.0 5.0
2017-04-02  14:59:36.242,  530 / 702,   5.0 6.0
2017-04-02  14:59:36.523,  531 / 702,   5.0 5.0
2017-04-02  14:59:36.975,  532 / 702,   5.0 8.0
2017-04-02  14:59:37.271,  533 / 702,   5.0 6.0
2017-04-02  14:59:37.762,  534 / 702,   5.0 5.0
2017-04-02  14:59:38.239,  535 / 702,   4.0 7.0
2017-04-02  14:59:38.532,  536 / 702,   5.0 3.0
2017-04-02  14:59:38.958,  537 / 702,   5.0 6.0
2017-04-02  14:59:39.253,  538 / 702,   5.0 6.0
2017-04-02  14:59:39.556,  539 / 702,   4.0 4.0
2017-04-02  14:59:40.044,  540 / 702,   6.0 5.0
2017-04-02  14:59:40.336,  541 / 702,   6.0 5.0
2017-04-02  14:59:40.722,  542 / 702,   6.0 5.0
2017-04-02  14:59:41.115,  543 / 702,   6.0 4.0
2017-04-02  14:59:41.502,  544 / 702,   6.0 4.0
2017-04-02  14:59:41.882,  545 / 702,   7.0 6.0
2017-04-02  14:59:42.332,  546 / 702,   6.0 4.0
2017-04-02  14:59:42.783,  547 / 702,   6.0 4.0
2017-04-02  14:59:43.207,  548 / 702,   6.0 4.0
2017-04-02  14:59:43.630,  549 / 702,   8.0 6.0
2017-04-02  14:59:44.066,  550 / 702,   6.0 7.0
2017-04-02  14:59:44.562,  551 / 702,   2.0 -3.0
2017-04-02  14:59:44.947,  552 / 702,   -4.0 -4.0
2017-04-02  14:59:45.017,  553 / 702,   -2.0 -7.0
2017-04-02  14:59:45.476,  554 / 702,   4.0 1.0
2017-04-02  14:59:45.832,  555 / 702,   -5.0 -6.0
2017-04-02  14:59:46.095,  556 / 702,   0.0 -6.0
2017-04-02  14:59:46.446,  557 / 702,   -1.0 -5.0
2017-04-02  14:59:46.899,  558 / 702,   0.0 -5.0
2017-04-02  14:59:47.191,  559 / 702,   0.0 -6.0
2017-04-02  14:59:47.541,  560 / 702,   0.0 -6.0
2017-04-02  14:59:47.936,  561 / 702,   2.0 -5.0
2017-04-02  14:59:48.419,  562 / 702,   0.0 -6.0
2017-04-02  14:59:48.706,  563 / 702,   0.0 -6.0
2017-04-02  14:59:49.093,  564 / 702,   2.0 -5.0
2017-04-02  14:59:49.546,  565 / 702,   1.0 -4.0
2017-04-02  14:59:49.831,  566 / 702,   2.0 -5.0
2017-04-02  14:59:50.183,  567 / 702,   3.0 -3.0
2017-04-02  14:59:50.479,  568 / 702,   2.0 -3.0
2017-04-02  14:59:50.729,  569 / 702,   2.0 0.0
2017-04-02  14:59:50.926,  570 / 702,   0.0 -6.0
2017-04-02  14:59:51.077,  571 / 702,   4.0 -1.0
2017-04-02  14:59:51.428,  572 / 702,   3.0 -3.0
2017-04-02  14:59:51.675,  573 / 702,   5.0 -2.0
2017-04-02  14:59:51.826,  574 / 702,   4.0 -1.0
2017-04-02  14:59:52.083,  575 / 702,   4.0 -1.0
2017-04-02  14:59:52.435,  576 / 702,   4.0 1.0
2017-04-02  14:59:52.727,  577 / 702,   2.0 -2.0
2017-04-02  14:59:53.077,  578 / 702,   4.0 -1.0
2017-04-02  14:59:53.159,  579 / 702,   4.0 1.0
2017-04-02  14:59:53.384,  580 / 702,   3.0 0.0
2017-04-02  14:59:53.677,  581 / 702,   4.0 -1.0
2017-04-02  14:59:53.926,  582 / 702,   4.0 1.0
2017-04-02  14:59:54.210,  583 / 702,   4.0 1.0
2017-04-02  14:59:54.560,  584 / 702,   4.0 -1.0
2017-04-02  14:59:54.853,  585 / 702,   5.0 0.0
2017-04-02  14:59:55.202,  586 / 702,   2.0 -2.0
2017-04-02  14:59:55.495,  587 / 702,   4.0 -1.0
2017-04-02  14:59:55.587,  588 / 702,   3.0 0.0
2017-04-02  14:59:55.836,  589 / 702,   3.0 -3.0
2017-04-02  14:59:56.016,  590 / 702,   4.0 -4.0
2017-04-02  14:59:56.171,  591 / 702,   4.0 -1.0
2017-04-02  14:59:56.253,  592 / 702,   1.0 -4.0
2017-04-02  14:59:56.503,  593 / 702,   2.0 -4.0
2017-04-02  14:59:56.753,  594 / 702,   4.0 1.0
2017-04-02  14:59:57.106,  595 / 702,   -1.0 -6.0
2017-04-02  14:59:57.356,  596 / 702,   -1.0 -6.0
2017-04-02  14:59:57.708,  597 / 702,   3.0 0.0
2017-04-02  14:59:58.188,  598 / 702,   -5.0 -5.0
2017-04-02  14:59:58.274,  599 / 702,   0.0 -5.0
2017-04-02  14:59:58.571,  600 / 702,   -4.0 -4.0
2017-04-02  14:59:58.853,  601 / 702,   -3.0 -2.0
2017-04-02  14:59:59.201,  602 / 702,   -3.0 -8.0
2017-04-02  14:59:59.365,  603 / 702,   -4.0 -1.0
2017-04-02  14:59:59.848,  604 / 702,   -4.0 -6.0
2017-04-02  15:00:00.113,  605 / 702,   -4.0 -1.0
2017-04-02  15:00:00.472,  606 / 702,   -5.0 -5.0
2017-04-02  15:00:00.754,  607 / 702,   -4.0 -1.0
2017-04-02  15:00:01.056,  608 / 702,   -5.0 -5.0
2017-04-02  15:00:01.406,  609 / 702,   -4.0 -1.0
2017-04-02  15:00:01.675,  610 / 702,   -5.0 -3.0
2017-04-02  15:00:02.027,  611 / 702,   -4.0 -1.0
2017-04-02  15:00:02.312,  612 / 702,   -4.0 -1.0
2017-04-02  15:00:02.663,  613 / 702,   -4.0 -1.0
2017-04-02  15:00:02.956,  614 / 702,   -3.0 2.0
2017-04-02  15:00:03.341,  615 / 702,   -4.0 -1.0
2017-04-02  15:00:03.495,  616 / 702,   -3.0 2.0
2017-04-02  15:00:03.845,  617 / 702,   -4.0 1.0
2017-04-02  15:00:04.015,  618 / 702,   -4.0 -1.0
2017-04-02  15:00:04.364,  619 / 702,   -4.0 1.0
2017-04-02  15:00:04.658,  620 / 702,   -5.0 2.0
2017-04-02  15:00:05.008,  621 / 702,   -4.0 -1.0
2017-04-02  15:00:05.288,  622 / 702,   -4.0 1.0
2017-04-02  15:00:05.637,  623 / 702,   -6.0 1.0
2017-04-02  15:00:05.928,  624 / 702,   -4.0 1.0
2017-04-02  15:00:06.378,  625 / 702,   -4.0 -1.0
2017-04-02  15:00:06.660,  626 / 702,   -4.0 1.0
2017-04-02  15:00:07.009,  627 / 702,   -6.0 1.0
2017-04-02  15:00:07.300,  628 / 702,   -5.0 0.0
2017-04-02  15:00:07.755,  629 / 702,   -6.0 1.0
2017-04-02  15:00:08.050,  630 / 702,   -4.0 -1.0
2017-04-02  15:00:08.531,  631 / 702,   -6.0 1.0
2017-04-02  15:00:08.824,  632 / 702,   -4.0 -1.0
2017-04-02  15:00:09.274,  633 / 702,   0.0 3.0
2017-04-02  15:00:09.549,  634 / 702,   -6.0 -2.0
2017-04-02  15:00:09.703,  635 / 702,   -4.0 -1.0
2017-04-02  15:00:10.079,  636 / 702,   -5.0 0.0
2017-04-02  15:00:10.433,  637 / 702,   -4.0 -1.0
2017-04-02  15:00:10.719,  638 / 702,   -4.0 -1.0
2017-04-02  15:00:11.070,  639 / 702,   -4.0 -1.0
2017-04-02  15:00:11.362,  640 / 702,   -4.0 -1.0
2017-04-02  15:00:11.713,  641 / 702,   -4.0 -1.0
2017-04-02  15:00:12.006,  642 / 702,   -4.0 -1.0
2017-04-02  15:00:12.360,  643 / 702,   -4.0 -1.0
2017-04-02  15:00:12.647,  644 / 702,   -2.0 0.0
2017-04-02  15:00:12.997,  645 / 702,   -5.0 -3.0
2017-04-02  15:00:13.175,  646 / 702,   -4.0 -1.0
2017-04-02  15:00:13.447,  647 / 702,   -4.0 -2.0
2017-04-02  15:00:13.798,  648 / 702,   -4.0 -1.0
2017-04-02  15:00:14.096,  649 / 702,   -4.0 -2.0
2017-04-02  15:00:14.448,  650 / 702,   -3.0 -2.0
2017-04-02  15:00:14.722,  651 / 702,   -4.0 -2.0
2017-04-02  15:00:14.972,  652 / 702,   -4.0 -4.0
2017-04-02  15:00:15.226,  653 / 702,   -6.0 -2.0
2017-04-02  15:00:15.582,  654 / 702,   -3.0 -2.0
2017-04-02  15:00:15.971,  655 / 702,   -4.0 -4.0
2017-04-02  15:00:16.220,  656 / 702,   -5.0 -3.0
2017-04-02  15:00:16.501,  657 / 702,   -5.0 -3.0
2017-04-02  15:00:16.800,  658 / 702,   -4.0 -4.0
2017-04-02  15:00:17.154,  659 / 702,   -5.0 -3.0
2017-04-02  15:00:17.430,  660 / 702,   -4.0 -4.0
2017-04-02  15:00:17.779,  661 / 702,   -3.0 -2.0
2017-04-02  15:00:18.052,  662 / 702,   -3.0 -5.0
2017-04-02  15:00:18.329,  663 / 702,   -3.0 -2.0
2017-04-02  15:00:18.571,  664 / 702,   -4.0 -7.0
2017-04-02  15:00:18.759,  665 / 702,   -5.0 -3.0
2017-04-02  15:00:19.152,  666 / 702,   -3.0 -5.0
2017-04-02  15:00:19.390,  667 / 702,   -4.0 -6.0
2017-04-02  15:00:19.659,  668 / 702,   -3.0 -5.0
2017-04-02  15:00:20.111,  669 / 702,   -4.0 -7.0
2017-04-02  15:00:20.411,  670 / 702,   -6.0 -7.0
2017-04-02  15:00:20.862,  671 / 702,   0.0 -3.0
2017-04-02  15:00:21.247,  672 / 702,   -4.0 -6.0
2017-04-02  15:00:21.498,  673 / 702,   -4.0 -7.0
2017-04-02  15:00:21.952,  674 / 702,   -5.0 -8.0
2017-04-02  15:00:22.328,  675 / 702,   3.0 -1.0
2017-04-02  15:00:22.880,  676 / 702,   -5.0 -8.0
2017-04-02  15:00:23.032,  677 / 702,   -3.0 -7.0
2017-04-02  15:00:23.518,  678 / 702,   1.0 -6.0
2017-04-02  15:00:23.874,  679 / 702,   -4.0 -6.0
2017-04-02  15:00:24.328,  680 / 702,   1.0 -4.0
2017-04-02  15:00:24.784,  681 / 702,   -3.0 -5.0
2017-04-02  15:00:25.061,  682 / 702,   -1.0 -7.0
2017-04-02  15:00:25.420,  683 / 702,   2.0 -5.0
2017-04-02  15:00:25.806,  684 / 702,   -4.0 -4.0
2017-04-02  15:00:26.157,  685 / 702,   1.0 -6.0
2017-04-02  15:00:26.511,  686 / 702,   3.0 -3.0
2017-04-02  15:00:26.901,  687 / 702,   -3.0 -5.0
2017-04-02  15:00:27.156,  688 / 702,   -4.0 -4.0
2017-04-02  15:00:27.457,  689 / 702,   -5.0 -3.0
2017-04-02  15:00:27.813,  690 / 702,   -4.0 -6.0
2017-04-02  15:00:28.069,  691 / 702,   -4.0 -1.0
2017-04-02  15:00:28.439,  692 / 702,   -4.0 -6.0
2017-04-02  15:00:28.688,  693 / 702,   -5.0 -5.0
2017-04-02  15:00:29.045,  694 / 702,   -4.0 -4.0
2017-04-02  15:00:29.342,  695 / 702,   -5.0 -7.0
2017-04-02  15:00:29.696,  696 / 702,   -4.0 -6.0
2017-04-02  15:00:30.064,  697 / 702,   -4.0 -6.0
2017-04-02  15:00:30.516,  698 / 702,   -2.0 -8.0
2017-04-02  15:00:30.971,  699 / 702,   -5.0 -7.0
2017-04-02  15:00:31.424,  700 / 702,   -2.0 -10.0
2017-04-02  15:00:31.818,  701 / 702,   0.0 -10.0
2017-04-02  15:00:32.373,  702 / 702,   0.0 0.0
